<?xml version="1.0" encoding="UTF-8"?>
<testng-results ignored="0" total="2" passed="2" failed="0" skipped="0">
  <reporter-output>
  </reporter-output>
  <suite started-at="2024-09-15T08:38:26 IST" name="Default suite" finished-at="2024-09-15T08:38:30 IST" duration-ms="3935">
    <groups>
    </groups>
    <test started-at="2024-09-15T08:38:26 IST" name="Default test" finished-at="2024-09-15T08:38:30 IST" duration-ms="3935">
      <class name="com.yourcompany.YourSeleniumTest">
        <test-method is-config="true" signature="setUp()[pri:0, instance:com.yourcompany.YourSeleniumTest@5d534f5d]" started-at="2024-09-15T08:38:26 IST" name="setUp" finished-at="2024-09-15T08:38:28 IST" duration-ms="2440" status="PASS">
          <reporter-output>
          </reporter-output>
        </test-method> <!-- setUp -->
        <test-method signature="testExample()[pri:0, instance:com.yourcompany.YourSeleniumTest@5d534f5d]" started-at="2024-09-15T08:38:28 IST" name="testExample" finished-at="2024-09-15T08:38:29 IST" duration-ms="1003" status="PASS">
          <reporter-output>
          </reporter-output>
        </test-method> <!-- testExample -->
        <test-method signature="url()[pri:0, instance:com.yourcompany.YourSeleniumTest@5d534f5d]" started-at="2024-09-15T08:38:29 IST" name="url" finished-at="2024-09-15T08:38:29 IST" duration-ms="7" status="PASS">
          <reporter-output>
          </reporter-output>
        </test-method> <!-- url -->
        <test-method is-config="true" signature="tearDown()[pri:0, instance:com.yourcompany.YourSeleniumTest@5d534f5d]" started-at="2024-09-15T08:38:29 IST" name="tearDown" finished-at="2024-09-15T08:38:30 IST" duration-ms="461" status="PASS">
          <reporter-output>
          </reporter-output>
        </test-method> <!-- tearDown -->
      </class> <!-- com.yourcompany.YourSeleniumTest -->
    </test> <!-- Default test -->
  </suite> <!-- Default suite -->
</testng-results>
